<?xml version="1.0" encoding="UTF-8"?>
<!-- Generated by org.testng.reporters.JUnitReportReporter -->
<testsuite hostname="DESKTOP-8OTT66F" failures="0" tests="4" name="cucumber.framework.runner.jcadmin.JCAdminRunner" time="57.051" errors="0" timestamp="2022-10-02T23:25:01 ICT" skipped="0">
  <testcase classname="cucumber.framework.runner.jcadmin.JCAdminRunner" name="runScenario" time="13.820"/>
  <system-out/>
  <testcase classname="cucumber.framework.runner.jcadmin.JCAdminRunner" name="runScenario" time="11.640"/>
  <system-out/>
  <testcase classname="cucumber.framework.runner.jcadmin.JCAdminRunner" name="runScenario" time="20.049"/>
  <system-out/>
  <testcase classname="cucumber.framework.runner.jcadmin.JCAdminRunner" name="runScenario" time="11.542"/>
  <system-out/>
</testsuite> <!-- cucumber.framework.runner.jcadmin.JCAdminRunner -->
